<?xml version="1.0" encoding="UTF-8"?>
<testng-results ignored="1" total="3" passed="2" failed="0" skipped="0">
  <reporter-output>
  </reporter-output>
  <suite started-at="2023-11-05T21:22:32 IST" name="Suite" finished-at="2023-11-05T21:22:48 IST" duration-ms="16419">
    <groups>
    </groups>
    <test started-at="2023-11-05T21:22:32 IST" name="Test" finished-at="2023-11-05T21:22:48 IST" duration-ms="16419">
      <class name="Login.DWS_Login_01_Test">
        <test-method is-config="true" signature="launchingthebrowserAndNavigateToApp()[pri:0, instance:Login.DWS_Login_01_Test@543588e6]" started-at="2023-11-05T21:22:32 IST" name="launchingthebrowserAndNavigateToApp" finished-at="2023-11-05T21:22:43 IST" duration-ms="10906" status="PASS">
          <reporter-output>
          </reporter-output>
        </test-method> <!-- launchingthebrowserAndNavigateToApp -->
        <test-method is-config="true" signature="logintoapplication()[pri:0, instance:Login.DWS_Login_01_Test@543588e6]" started-at="2023-11-05T21:22:44 IST" name="logintoapplication" finished-at="2023-11-05T21:22:44 IST" duration-ms="31" status="PASS">
          <reporter-output>
          </reporter-output>
        </test-method> <!-- logintoapplication -->
        <test-method signature="login_to_application(java.lang.String,java.lang.String)[pri:0, instance:Login.DWS_Login_01_Test@543588e6]" started-at="2023-11-05T21:22:44 IST" name="login_to_application" data-provider="data" finished-at="2023-11-05T21:22:46 IST" duration-ms="2004" status="PASS">
          <params>
            <param index="0">
              <value>
                <![CDATA[Kiran24@gmail.com]]>
              </value>
            </param>
            <param index="1">
              <value>
                <![CDATA[1234.0]]>
              </value>
            </param>
          </params>
          <reporter-output>
          </reporter-output>
        </test-method> <!-- login_to_application -->
        <test-method is-config="true" signature="logoutfromapplication()[pri:0, instance:Login.DWS_Login_01_Test@543588e6]" started-at="2023-11-05T21:22:46 IST" name="logoutfromapplication" finished-at="2023-11-05T21:22:46 IST" duration-ms="1" status="PASS">
          <reporter-output>
          </reporter-output>
        </test-method> <!-- logoutfromapplication -->
        <test-method is-config="true" signature="logintoapplication()[pri:0, instance:Login.DWS_Login_01_Test@543588e6]" started-at="2023-11-05T21:22:46 IST" name="logintoapplication" finished-at="2023-11-05T21:22:46 IST" duration-ms="4" status="PASS">
          <reporter-output>
          </reporter-output>
        </test-method> <!-- logintoapplication -->
        <test-method signature="login_to_application(java.lang.String,java.lang.String)[pri:0, instance:Login.DWS_Login_01_Test@543588e6]" started-at="2023-11-05T21:22:46 IST" name="login_to_application" data-provider="data" finished-at="2023-11-05T21:22:48 IST" duration-ms="2035" status="PASS">
          <params>
            <param index="0">
              <value>
                <![CDATA[kohli18@gmail.com]]>
              </value>
            </param>
            <param index="1">
              <value>
                <![CDATA[12312.0]]>
              </value>
            </param>
          </params>
          <reporter-output>
          </reporter-output>
        </test-method> <!-- login_to_application -->
        <test-method is-config="true" signature="logoutfromapplication()[pri:0, instance:Login.DWS_Login_01_Test@543588e6]" started-at="2023-11-05T21:22:48 IST" name="logoutfromapplication" finished-at="2023-11-05T21:22:48 IST" duration-ms="0" status="PASS">
          <reporter-output>
          </reporter-output>
        </test-method> <!-- logoutfromapplication -->
        <test-method is-config="true" signature="closingtheserver()[pri:0, instance:Login.DWS_Login_01_Test@543588e6]" started-at="2023-11-05T21:22:48 IST" name="closingtheserver" finished-at="2023-11-05T21:22:48 IST" duration-ms="274" status="PASS">
          <reporter-output>
          </reporter-output>
        </test-method> <!-- closingtheserver -->
      </class> <!-- Login.DWS_Login_01_Test -->
    </test> <!-- Test -->
  </suite> <!-- Suite -->
</testng-results>
