<?xml version="1.0" encoding="UTF-8"?>
<!-- Generated by org.testng.reporters.JUnitXMLReporter -->
<testsuite ignored="1" hostname="DESKTOP-A0713LM" failures="0" tests="2" name="Test" time="16.419" errors="0" timestamp="2023-11-05T21:22:49 IST">
  <testcase classname="Login.DWS_Login_01_Test" name="login_to_application" time="2.004"/>
  <testcase classname="Login.DWS_Login_01_Test" name="login_to_application" time="2.035"/>
  <testcase classname="Login.DWS_RegisterPage_01_Test" name="Register_to_application" time="0.0">
    <ignored/>
  </testcase> <!-- Register_to_application -->
</testsuite> <!-- Test -->
